[2025-04-26 18:26:43,099] INFO [ControllerEventThread controllerId=0] Starting (kafka.controller.ControllerEventManager$ControllerEventThread)
[2025-04-26 18:26:43,155] INFO [Controller id=0] 0 successfully elected as the controller. Epoch incremented to 1 and epoch zk version is now 1 (kafka.controller.KafkaController)
[2025-04-26 18:26:43,165] INFO [Controller id=0] Creating FeatureZNode at path: /feature with contents: FeatureZNode(2,Enabled,Map()) (kafka.controller.KafkaController)
[2025-04-26 18:26:43,231] INFO [Controller id=0] Registering handlers (kafka.controller.KafkaController)
[2025-04-26 18:26:43,235] INFO [Controller id=0] Deleting log dir event notifications (kafka.controller.KafkaController)
[2025-04-26 18:26:43,241] INFO [Controller id=0] Deleting isr change notifications (kafka.controller.KafkaController)
[2025-04-26 18:26:43,244] INFO [Controller id=0] Initializing controller context (kafka.controller.KafkaController)
[2025-04-26 18:26:43,263] INFO [Controller id=0] Initialized broker epochs cache: HashMap(0 -> 25) (kafka.controller.KafkaController)
[2025-04-26 18:26:43,271] DEBUG [Controller id=0] Register BrokerModifications handler for Set(0) (kafka.controller.KafkaController)
[2025-04-26 18:26:43,277] DEBUG [Channel manager on controller 0]: Controller 0 trying to connect to broker 0 (kafka.controller.ControllerChannelManager)
[2025-04-26 18:26:43,286] INFO [RequestSendThread controllerId=0] Starting (kafka.controller.RequestSendThread)
[2025-04-26 18:26:43,287] INFO [Controller id=0] Currently active brokers in the cluster: Set(0) (kafka.controller.KafkaController)
[2025-04-26 18:26:43,288] INFO [Controller id=0] Currently shutting brokers in the cluster: HashSet() (kafka.controller.KafkaController)
[2025-04-26 18:26:43,288] INFO [Controller id=0] Current list of topics in the cluster: HashSet() (kafka.controller.KafkaController)
[2025-04-26 18:26:43,288] INFO [Controller id=0] Fetching topic deletions in progress (kafka.controller.KafkaController)
[2025-04-26 18:26:43,291] INFO [Controller id=0] List of topics to be deleted:  (kafka.controller.KafkaController)
[2025-04-26 18:26:43,291] INFO [Controller id=0] List of topics ineligible for deletion:  (kafka.controller.KafkaController)
[2025-04-26 18:26:43,292] INFO [Controller id=0] Initializing topic deletion manager (kafka.controller.KafkaController)
[2025-04-26 18:26:43,292] INFO [Topic Deletion Manager 0] Initializing manager with initial deletions: Set(), initial ineligible deletions: HashSet() (kafka.controller.TopicDeletionManager)
[2025-04-26 18:26:43,294] INFO [Controller id=0] Sending update metadata request (kafka.controller.KafkaController)
[2025-04-26 18:26:43,309] INFO [ReplicaStateMachine controllerId=0] Initializing replica state (kafka.controller.ZkReplicaStateMachine)
[2025-04-26 18:26:43,311] INFO [ReplicaStateMachine controllerId=0] Triggering online replica state changes (kafka.controller.ZkReplicaStateMachine)
[2025-04-26 18:26:43,326] INFO [ReplicaStateMachine controllerId=0] Triggering offline replica state changes (kafka.controller.ZkReplicaStateMachine)
[2025-04-26 18:26:43,327] DEBUG [ReplicaStateMachine controllerId=0] Started replica state machine with initial state -> HashMap() (kafka.controller.ZkReplicaStateMachine)
[2025-04-26 18:26:43,327] INFO [PartitionStateMachine controllerId=0] Initializing partition state (kafka.controller.ZkPartitionStateMachine)
[2025-04-26 18:26:43,328] INFO [PartitionStateMachine controllerId=0] Triggering online partition state changes (kafka.controller.ZkPartitionStateMachine)
[2025-04-26 18:26:43,338] DEBUG [PartitionStateMachine controllerId=0] Started partition state machine with initial state -> HashMap() (kafka.controller.ZkPartitionStateMachine)
[2025-04-26 18:26:43,339] INFO [Controller id=0] Ready to serve as the new controller with epoch 1 (kafka.controller.KafkaController)
[2025-04-26 18:26:43,348] INFO [Controller id=0] Partitions undergoing preferred replica election:  (kafka.controller.KafkaController)
[2025-04-26 18:26:43,349] INFO [Controller id=0] Partitions that completed preferred replica election:  (kafka.controller.KafkaController)
[2025-04-26 18:26:43,349] INFO [Controller id=0] Skipping preferred replica election for partitions due to topic deletion:  (kafka.controller.KafkaController)
[2025-04-26 18:26:43,350] INFO [Controller id=0] Resuming preferred replica election for partitions:  (kafka.controller.KafkaController)
[2025-04-26 18:26:43,353] INFO [Controller id=0] Starting replica leader election (PREFERRED) for partitions  triggered by ZkTriggered (kafka.controller.KafkaController)
[2025-04-26 18:26:43,379] INFO [Controller id=0] Starting the controller scheduler (kafka.controller.KafkaController)
[2025-04-26 18:26:43,827] INFO [RequestSendThread controllerId=0] Controller 0 connected to DESKTOP-AN6S8HN:9092 (id: 0 rack: null) for sending state change requests (kafka.controller.RequestSendThread)
[2025-04-26 18:26:48,393] INFO [Controller id=0] Processing automatic preferred replica leader election (kafka.controller.KafkaController)
[2025-04-26 18:26:48,394] TRACE [Controller id=0] Checking need to trigger auto leader balancing (kafka.controller.KafkaController)
[2025-04-26 18:31:48,398] INFO [Controller id=0] Processing automatic preferred replica leader election (kafka.controller.KafkaController)
[2025-04-26 18:31:48,399] TRACE [Controller id=0] Checking need to trigger auto leader balancing (kafka.controller.KafkaController)
[2025-04-26 18:36:48,407] INFO [Controller id=0] Processing automatic preferred replica leader election (kafka.controller.KafkaController)
[2025-04-26 18:36:48,408] TRACE [Controller id=0] Checking need to trigger auto leader balancing (kafka.controller.KafkaController)
[2025-04-26 18:41:48,416] INFO [Controller id=0] Processing automatic preferred replica leader election (kafka.controller.KafkaController)
[2025-04-26 18:41:48,416] TRACE [Controller id=0] Checking need to trigger auto leader balancing (kafka.controller.KafkaController)
[2025-04-26 18:46:48,418] INFO [Controller id=0] Processing automatic preferred replica leader election (kafka.controller.KafkaController)
[2025-04-26 18:46:48,418] TRACE [Controller id=0] Checking need to trigger auto leader balancing (kafka.controller.KafkaController)
[2025-04-26 18:51:48,433] INFO [Controller id=0] Processing automatic preferred replica leader election (kafka.controller.KafkaController)
[2025-04-26 18:51:48,433] TRACE [Controller id=0] Checking need to trigger auto leader balancing (kafka.controller.KafkaController)
[2025-04-26 18:54:46,254] INFO [Controller id=0] New topics: [Set(amigoscode)], deleted topics: [HashSet()], new partition replica assignment [Set(TopicIdReplicaAssignment(amigoscode,Some(KI96Nn5VTHuznjhy5oYROA),Map(amigoscode-0 -> ReplicaAssignment(replicas=0, addingReplicas=, removingReplicas=))))] (kafka.controller.KafkaController)
[2025-04-26 18:54:46,255] INFO [Controller id=0] New partition creation callback for amigoscode-0 (kafka.controller.KafkaController)
[2025-04-26 18:54:46,295] INFO [RequestSendThread controllerId=0] Controller 0 connected to DESKTOP-AN6S8HN:9092 (id: 0 rack: null) for sending state change requests (kafka.controller.RequestSendThread)
[2025-04-26 18:54:46,752] INFO [Controller id=0] New topics: [Set(__consumer_offsets)], deleted topics: [HashSet()], new partition replica assignment [Set(TopicIdReplicaAssignment(__consumer_offsets,Some(1ouUVTIpS1eaAbjIl2KjGg),HashMap(__consumer_offsets-22 -> ReplicaAssignment(replicas=0, addingReplicas=, removingReplicas=), __consumer_offsets-30 -> ReplicaAssignment(replicas=0, addingReplicas=, removingReplicas=), __consumer_offsets-25 -> ReplicaAssignment(replicas=0, addingReplicas=, removingReplicas=), __consumer_offsets-35 -> ReplicaAssignment(replicas=0, addingReplicas=, removingReplicas=), __consumer_offsets-37 -> ReplicaAssignment(replicas=0, addingReplicas=, removingReplicas=), __consumer_offsets-38 -> ReplicaAssignment(replicas=0, addingReplicas=, removingReplicas=), __consumer_offsets-13 -> ReplicaAssignment(replicas=0, addingReplicas=, removingReplicas=), __consumer_offsets-8 -> ReplicaAssignment(replicas=0, addingReplicas=, removingReplicas=), __consumer_offsets-21 -> ReplicaAssignment(replicas=0, addingReplicas=, removingReplicas=), __consumer_offsets-4 -> ReplicaAssignment(replicas=0, addingReplicas=, removingReplicas=), __consumer_offsets-27 -> ReplicaAssignment(replicas=0, addingReplicas=, removingReplicas=), __consumer_offsets-7 -> ReplicaAssignment(replicas=0, addingReplicas=, removingReplicas=), __consumer_offsets-9 -> ReplicaAssignment(replicas=0, addingReplicas=, removingReplicas=), __consumer_offsets-46 -> ReplicaAssignment(replicas=0, addingReplicas=, removingReplicas=), __consumer_offsets-41 -> ReplicaAssignment(replicas=0, addingReplicas=, removingReplicas=), __consumer_offsets-33 -> ReplicaAssignment(replicas=0, addingReplicas=, removingReplicas=), __consumer_offsets-23 -> ReplicaAssignment(replicas=0, addingReplicas=, removingReplicas=), __consumer_offsets-49 -> ReplicaAssignment(replicas=0, addingReplicas=, removingReplicas=), __consumer_offsets-47 -> ReplicaAssignment(replicas=0, addingReplicas=, removingReplicas=), __consumer_offsets-16 -> ReplicaAssignment(replicas=0, addingReplicas=, removingReplicas=), __consumer_offsets-28 -> ReplicaAssignment(replicas=0, addingReplicas=, removingReplicas=), __consumer_offsets-31 -> ReplicaAssignment(replicas=0, addingReplicas=, removingReplicas=), __consumer_offsets-36 -> ReplicaAssignment(replicas=0, addingReplicas=, removingReplicas=), __consumer_offsets-42 -> ReplicaAssignment(replicas=0, addingReplicas=, removingReplicas=), __consumer_offsets-3 -> ReplicaAssignment(replicas=0, addingReplicas=, removingReplicas=), __consumer_offsets-18 -> ReplicaAssignment(replicas=0, addingReplicas=, removingReplicas=), __consumer_offsets-15 -> ReplicaAssignment(replicas=0, addingReplicas=, removingReplicas=), __consumer_offsets-24 -> ReplicaAssignment(replicas=0, addingReplicas=, removingReplicas=), __consumer_offsets-17 -> ReplicaAssignment(replicas=0, addingReplicas=, removingReplicas=), __consumer_offsets-48 -> ReplicaAssignment(replicas=0, addingReplicas=, removingReplicas=), __consumer_offsets-19 -> ReplicaAssignment(replicas=0, addingReplicas=, removingReplicas=), __consumer_offsets-11 -> ReplicaAssignment(replicas=0, addingReplicas=, removingReplicas=), __consumer_offsets-2 -> ReplicaAssignment(replicas=0, addingReplicas=, removingReplicas=), __consumer_offsets-43 -> ReplicaAssignment(replicas=0, addingReplicas=, removingReplicas=), __consumer_offsets-6 -> ReplicaAssignment(replicas=0, addingReplicas=, removingReplicas=), __consumer_offsets-14 -> ReplicaAssignment(replicas=0, addingReplicas=, removingReplicas=), __consumer_offsets-20 -> ReplicaAssignment(replicas=0, addingReplicas=, removingReplicas=), __consumer_offsets-0 -> ReplicaAssignment(replicas=0, addingReplicas=, removingReplicas=), __consumer_offsets-44 -> ReplicaAssignment(replicas=0, addingReplicas=, removingReplicas=), __consumer_offsets-39 -> ReplicaAssignment(replicas=0, addingReplicas=, removingReplicas=), __consumer_offsets-12 -> ReplicaAssignment(replicas=0, addingReplicas=, removingReplicas=), __consumer_offsets-45 -> ReplicaAssignment(replicas=0, addingReplicas=, removingReplicas=), __consumer_offsets-1 -> ReplicaAssignment(replicas=0, addingReplicas=, removingReplicas=), __consumer_offsets-5 -> ReplicaAssignment(replicas=0, addingReplicas=, removingReplicas=), __consumer_offsets-26 -> ReplicaAssignment(replicas=0, addingReplicas=, removingReplicas=), __consumer_offsets-29 -> ReplicaAssignment(replicas=0, addingReplicas=, removingReplicas=), __consumer_offsets-34 -> ReplicaAssignment(replicas=0, addingReplicas=, removingReplicas=), __consumer_offsets-10 -> ReplicaAssignment(replicas=0, addingReplicas=, removingReplicas=), __consumer_offsets-32 -> ReplicaAssignment(replicas=0, addingReplicas=, removingReplicas=), __consumer_offsets-40 -> ReplicaAssignment(replicas=0, addingReplicas=, removingReplicas=))))] (kafka.controller.KafkaController)
[2025-04-26 18:54:46,755] INFO [Controller id=0] New partition creation callback for __consumer_offsets-22,__consumer_offsets-30,__consumer_offsets-25,__consumer_offsets-35,__consumer_offsets-37,__consumer_offsets-38,__consumer_offsets-13,__consumer_offsets-8,__consumer_offsets-21,__consumer_offsets-4,__consumer_offsets-27,__consumer_offsets-7,__consumer_offsets-9,__consumer_offsets-46,__consumer_offsets-41,__consumer_offsets-33,__consumer_offsets-23,__consumer_offsets-49,__consumer_offsets-47,__consumer_offsets-16,__consumer_offsets-28,__consumer_offsets-31,__consumer_offsets-36,__consumer_offsets-42,__consumer_offsets-3,__consumer_offsets-18,__consumer_offsets-15,__consumer_offsets-24,__consumer_offsets-17,__consumer_offsets-48,__consumer_offsets-19,__consumer_offsets-11,__consumer_offsets-2,__consumer_offsets-43,__consumer_offsets-6,__consumer_offsets-14,__consumer_offsets-20,__consumer_offsets-0,__consumer_offsets-44,__consumer_offsets-39,__consumer_offsets-12,__consumer_offsets-45,__consumer_offsets-1,__consumer_offsets-5,__consumer_offsets-26,__consumer_offsets-29,__consumer_offsets-34,__consumer_offsets-10,__consumer_offsets-32,__consumer_offsets-40 (kafka.controller.KafkaController)
[2025-04-26 18:54:47,000] DEBUG [Controller id=0] There is no producerId block yet (Zk path version 0), creating the first block (kafka.controller.KafkaController)
[2025-04-26 18:54:47,019] INFO [Controller id=0] Acquired new producerId block ProducerIdsBlock(assignedBrokerId=0, firstProducerId=0, size=1000) by writing to Zk with path version 1 (kafka.controller.KafkaController)
[2025-04-26 18:56:48,435] INFO [Controller id=0] Processing automatic preferred replica leader election (kafka.controller.KafkaController)
[2025-04-26 18:56:48,435] TRACE [Controller id=0] Checking need to trigger auto leader balancing (kafka.controller.KafkaController)
[2025-04-26 18:56:48,437] DEBUG [Controller id=0] Topics not in preferred replica for broker 0 HashMap() (kafka.controller.KafkaController)
[2025-04-26 18:56:48,438] TRACE [Controller id=0] Leader imbalance ratio for broker 0 is 0.0 (kafka.controller.KafkaController)
[2025-04-26 19:01:48,440] INFO [Controller id=0] Processing automatic preferred replica leader election (kafka.controller.KafkaController)
[2025-04-26 19:01:48,444] TRACE [Controller id=0] Checking need to trigger auto leader balancing (kafka.controller.KafkaController)
[2025-04-26 19:01:48,447] DEBUG [Controller id=0] Topics not in preferred replica for broker 0 HashMap() (kafka.controller.KafkaController)
[2025-04-26 19:01:48,448] TRACE [Controller id=0] Leader imbalance ratio for broker 0 is 0.0 (kafka.controller.KafkaController)
[2025-04-26 19:06:48,459] INFO [Controller id=0] Processing automatic preferred replica leader election (kafka.controller.KafkaController)
[2025-04-26 19:06:48,459] TRACE [Controller id=0] Checking need to trigger auto leader balancing (kafka.controller.KafkaController)
[2025-04-26 19:06:48,460] DEBUG [Controller id=0] Topics not in preferred replica for broker 0 HashMap() (kafka.controller.KafkaController)
[2025-04-26 19:06:48,461] TRACE [Controller id=0] Leader imbalance ratio for broker 0 is 0.0 (kafka.controller.KafkaController)
[2025-04-26 19:11:48,467] INFO [Controller id=0] Processing automatic preferred replica leader election (kafka.controller.KafkaController)
[2025-04-26 19:11:48,467] TRACE [Controller id=0] Checking need to trigger auto leader balancing (kafka.controller.KafkaController)
[2025-04-26 19:11:48,468] DEBUG [Controller id=0] Topics not in preferred replica for broker 0 HashMap() (kafka.controller.KafkaController)
[2025-04-26 19:11:48,468] TRACE [Controller id=0] Leader imbalance ratio for broker 0 is 0.0 (kafka.controller.KafkaController)
[2025-04-26 19:16:48,478] INFO [Controller id=0] Processing automatic preferred replica leader election (kafka.controller.KafkaController)
[2025-04-26 19:16:48,478] TRACE [Controller id=0] Checking need to trigger auto leader balancing (kafka.controller.KafkaController)
[2025-04-26 19:16:48,480] DEBUG [Controller id=0] Topics not in preferred replica for broker 0 HashMap() (kafka.controller.KafkaController)
[2025-04-26 19:16:48,480] TRACE [Controller id=0] Leader imbalance ratio for broker 0 is 0.0 (kafka.controller.KafkaController)
[2025-04-26 19:21:48,481] INFO [Controller id=0] Processing automatic preferred replica leader election (kafka.controller.KafkaController)
[2025-04-26 19:21:48,481] TRACE [Controller id=0] Checking need to trigger auto leader balancing (kafka.controller.KafkaController)
[2025-04-26 19:21:48,482] DEBUG [Controller id=0] Topics not in preferred replica for broker 0 HashMap() (kafka.controller.KafkaController)
[2025-04-26 19:21:48,482] TRACE [Controller id=0] Leader imbalance ratio for broker 0 is 0.0 (kafka.controller.KafkaController)
